<?xml version="1.0" encoding="UTF-8"?>
<testng-results ignored="0" total="6" passed="6" failed="0" skipped="0">
  <reporter-output>
  </reporter-output>
  <suite started-at="2025-12-06T18:23:55 IST" name="Suite" finished-at="2025-12-06T18:24:23 IST" duration-ms="28638">
    <groups>
    </groups>
    <test started-at="2025-12-06T18:23:55 IST" name="Automation Tests" finished-at="2025-12-06T18:24:23 IST" duration-ms="28638">
      <class name="tests.OrderFlowTest">
        <test-method is-config="true" signature="setUp(java.lang.reflect.Method)[pri:0, instance:tests.OrderFlowTest@7a8c8dcf]" started-at="2025-12-06T18:24:06 IST" name="setUp" finished-at="2025-12-06T18:24:09 IST" duration-ms="3123" status="PASS">
          <params>
            <param index="0">
              <value>
                <![CDATA[public void tests.OrderFlowTest.orderFlow()]]>
              </value>
            </param>
          </params>
          <reporter-output>
          </reporter-output>
        </test-method> <!-- setUp -->
        <test-method signature="orderFlow()[pri:0, instance:tests.OrderFlowTest@7a8c8dcf]" started-at="2025-12-06T18:24:09 IST" name="orderFlow" finished-at="2025-12-06T18:24:10 IST" duration-ms="1271" status="PASS">
          <reporter-output>
          </reporter-output>
        </test-method> <!-- orderFlow -->
        <test-method is-config="true" signature="tearDown(org.testng.ITestResult)[pri:0, instance:tests.OrderFlowTest@7a8c8dcf]" started-at="2025-12-06T18:24:10 IST" name="tearDown" finished-at="2025-12-06T18:24:10 IST" duration-ms="257" status="PASS">
          <params>
            <param index="0">
              <value>
                <![CDATA[[TestResult name=orderFlow status=SUCCESS method=OrderFlowTest.orderFlow()[pri:0, instance:tests.OrderFlowTest@7a8c8dcf] output={null}]]]>
              </value>
            </param>
          </params>
          <reporter-output>
          </reporter-output>
        </test-method> <!-- tearDown -->
      </class> <!-- tests.OrderFlowTest -->
      <class name="tests.ValidLoginTest">
        <test-method is-config="true" signature="setUp(java.lang.reflect.Method)[pri:0, instance:tests.ValidLoginTest@5dda768f]" started-at="2025-12-06T18:24:01 IST" name="setUp" finished-at="2025-12-06T18:24:05 IST" duration-ms="4138" status="PASS">
          <params>
            <param index="0">
              <value>
                <![CDATA[public void tests.ValidLoginTest.login()]]>
              </value>
            </param>
          </params>
          <reporter-output>
          </reporter-output>
        </test-method> <!-- setUp -->
        <test-method signature="login()[pri:0, instance:tests.ValidLoginTest@5dda768f]" started-at="2025-12-06T18:24:05 IST" name="login" finished-at="2025-12-06T18:24:06 IST" duration-ms="539" status="PASS">
          <reporter-output>
          </reporter-output>
        </test-method> <!-- login -->
        <test-method is-config="true" signature="tearDown(org.testng.ITestResult)[pri:0, instance:tests.ValidLoginTest@5dda768f]" started-at="2025-12-06T18:24:06 IST" name="tearDown" finished-at="2025-12-06T18:24:06 IST" duration-ms="202" status="PASS">
          <params>
            <param index="0">
              <value>
                <![CDATA[[TestResult name=login status=SUCCESS method=ValidLoginTest.login()[pri:0, instance:tests.ValidLoginTest@5dda768f] output={null}]]]>
              </value>
            </param>
          </params>
          <reporter-output>
          </reporter-output>
        </test-method> <!-- tearDown -->
      </class> <!-- tests.ValidLoginTest -->
      <class name="tests.SortAndLogoutTest">
        <test-method is-config="true" signature="setUp(java.lang.reflect.Method)[pri:0, instance:tests.SortAndLogoutTest@24aed80c]" started-at="2025-12-06T18:24:19 IST" name="setUp" finished-at="2025-12-06T18:24:22 IST" duration-ms="3063" status="PASS">
          <params>
            <param index="0">
              <value>
                <![CDATA[public void tests.SortAndLogoutTest.sortByPriceLowToHigh()]]>
              </value>
            </param>
          </params>
          <reporter-output>
          </reporter-output>
        </test-method> <!-- setUp -->
        <test-method signature="sortByPriceLowToHigh()[pri:0, instance:tests.SortAndLogoutTest@24aed80c]" started-at="2025-12-06T18:24:22 IST" name="sortByPriceLowToHigh" finished-at="2025-12-06T18:24:23 IST" duration-ms="1203" status="PASS">
          <reporter-output>
          </reporter-output>
        </test-method> <!-- sortByPriceLowToHigh -->
        <test-method is-config="true" signature="tearDown(org.testng.ITestResult)[pri:0, instance:tests.SortAndLogoutTest@24aed80c]" started-at="2025-12-06T18:24:23 IST" name="tearDown" finished-at="2025-12-06T18:24:23 IST" duration-ms="304" status="PASS">
          <params>
            <param index="0">
              <value>
                <![CDATA[[TestResult name=sortByPriceLowToHigh status=SUCCESS method=SortAndLogoutTest.sortByPriceLowToHigh()[pri:0, instance:tests.SortAndLogoutTest@24aed80c] output={null}]]]>
              </value>
            </param>
          </params>
          <reporter-output>
          </reporter-output>
        </test-method> <!-- tearDown -->
      </class> <!-- tests.SortAndLogoutTest -->
      <class name="tests.RemoveItemFromCartTest">
        <test-method is-config="true" signature="setUp(java.lang.reflect.Method)[pri:0, instance:tests.RemoveItemFromCartTest@2aceadd4]" started-at="2025-12-06T18:24:15 IST" name="setUp" finished-at="2025-12-06T18:24:18 IST" duration-ms="2696" status="PASS">
          <params>
            <param index="0">
              <value>
                <![CDATA[public void tests.RemoveItemFromCartTest.removeSingleItemFromCart()]]>
              </value>
            </param>
          </params>
          <reporter-output>
          </reporter-output>
        </test-method> <!-- setUp -->
        <test-method signature="removeSingleItemFromCart()[pri:0, instance:tests.RemoveItemFromCartTest@2aceadd4]" started-at="2025-12-06T18:24:18 IST" name="removeSingleItemFromCart" finished-at="2025-12-06T18:24:18 IST" duration-ms="883" status="PASS">
          <reporter-output>
          </reporter-output>
        </test-method> <!-- removeSingleItemFromCart -->
        <test-method is-config="true" signature="tearDown(org.testng.ITestResult)[pri:0, instance:tests.RemoveItemFromCartTest@2aceadd4]" started-at="2025-12-06T18:24:18 IST" name="tearDown" finished-at="2025-12-06T18:24:19 IST" duration-ms="200" status="PASS">
          <params>
            <param index="0">
              <value>
                <![CDATA[[TestResult name=removeSingleItemFromCart status=SUCCESS method=RemoveItemFromCartTest.removeSingleItemFromCart()[pri:0, instance:tests.RemoveItemFromCartTest@2aceadd4] output={null}]]]>
              </value>
            </param>
          </params>
          <reporter-output>
          </reporter-output>
        </test-method> <!-- tearDown -->
      </class> <!-- tests.RemoveItemFromCartTest -->
      <class name="tests.MultipleItemsCartTest">
        <test-method is-config="true" signature="setUp(java.lang.reflect.Method)[pri:0, instance:tests.MultipleItemsCartTest@24269709]" started-at="2025-12-06T18:24:10 IST" name="setUp" finished-at="2025-12-06T18:24:14 IST" duration-ms="3297" status="PASS">
          <params>
            <param index="0">
              <value>
                <![CDATA[public void tests.MultipleItemsCartTest.addMultipleItemsAndVerifyCartCount()]]>
              </value>
            </param>
          </params>
          <reporter-output>
          </reporter-output>
        </test-method> <!-- setUp -->
        <test-method signature="addMultipleItemsAndVerifyCartCount()[pri:0, instance:tests.MultipleItemsCartTest@24269709]" started-at="2025-12-06T18:24:14 IST" name="addMultipleItemsAndVerifyCartCount" finished-at="2025-12-06T18:24:15 IST" duration-ms="823" status="PASS">
          <reporter-output>
          </reporter-output>
        </test-method> <!-- addMultipleItemsAndVerifyCartCount -->
        <test-method is-config="true" signature="tearDown(org.testng.ITestResult)[pri:0, instance:tests.MultipleItemsCartTest@24269709]" started-at="2025-12-06T18:24:15 IST" name="tearDown" finished-at="2025-12-06T18:24:15 IST" duration-ms="219" status="PASS">
          <params>
            <param index="0">
              <value>
                <![CDATA[[TestResult name=addMultipleItemsAndVerifyCartCount status=SUCCESS method=MultipleItemsCartTest.addMultipleItemsAndVerifyCartCount()[pri:0, instance:tests.MultipleItemsCartTest@24269709] output={null}]]]>
              </value>
            </param>
          </params>
          <reporter-output>
          </reporter-output>
        </test-method> <!-- tearDown -->
      </class> <!-- tests.MultipleItemsCartTest -->
      <class name="tests.InvalidLoginTest">
        <test-method is-config="true" signature="setupReport()[pri:0, instance:tests.InvalidLoginTest@49438269]" started-at="2025-12-06T18:23:54 IST" name="setupReport" finished-at="2025-12-06T18:23:55 IST" duration-ms="321" status="PASS">
          <reporter-output>
          </reporter-output>
        </test-method> <!-- setupReport -->
        <test-method is-config="true" signature="setUp(java.lang.reflect.Method)[pri:0, instance:tests.InvalidLoginTest@49438269]" started-at="2025-12-06T18:23:55 IST" name="setUp" finished-at="2025-12-06T18:24:00 IST" duration-ms="5688" status="PASS">
          <params>
            <param index="0">
              <value>
                <![CDATA[public void tests.InvalidLoginTest.invalidLoginErrorMsg()]]>
              </value>
            </param>
          </params>
          <reporter-output>
          </reporter-output>
        </test-method> <!-- setUp -->
        <test-method signature="invalidLoginErrorMsg()[pri:0, instance:tests.InvalidLoginTest@49438269]" started-at="2025-12-06T18:24:00 IST" name="invalidLoginErrorMsg" finished-at="2025-12-06T18:24:01 IST" duration-ms="444" status="PASS">
          <reporter-output>
          </reporter-output>
        </test-method> <!-- invalidLoginErrorMsg -->
        <test-method is-config="true" signature="tearDown(org.testng.ITestResult)[pri:0, instance:tests.InvalidLoginTest@49438269]" started-at="2025-12-06T18:24:01 IST" name="tearDown" finished-at="2025-12-06T18:24:01 IST" duration-ms="229" status="PASS">
          <params>
            <param index="0">
              <value>
                <![CDATA[[TestResult name=invalidLoginErrorMsg status=SUCCESS method=InvalidLoginTest.invalidLoginErrorMsg()[pri:0, instance:tests.InvalidLoginTest@49438269] output={null}]]]>
              </value>
            </param>
          </params>
          <reporter-output>
          </reporter-output>
        </test-method> <!-- tearDown -->
        <test-method is-config="true" signature="tearDownReport()[pri:0, instance:tests.InvalidLoginTest@49438269]" started-at="2025-12-06T18:24:23 IST" name="tearDownReport" finished-at="2025-12-06T18:24:24 IST" duration-ms="439" status="PASS">
          <reporter-output>
          </reporter-output>
        </test-method> <!-- tearDownReport -->
      </class> <!-- tests.InvalidLoginTest -->
    </test> <!-- Automation Tests -->
  </suite> <!-- Suite -->
</testng-results>
